[2026-03-01T11:33:16Z] [INIT] Project "bls-pipeline-improvement-p1" created. Context loaded from context.md.
[2026-03-01T11:33:16Z] [PLAN] Classified as: feature. Rationale: Adding seven new capabilities (R7-R13) to an existing BLS transit-search pipeline.
[2026-03-01T11:33:16Z] [PLAN] Chain: spec → analysis → architecture → impl-plan → test-spec → tests → code → review → summary (9 steps)
[2026-03-01T11:33:16Z] [PLAN] Human gates: architecture, impl-plan
[2026-03-01T11:34:00Z] [STEP 1/9] [START] Agent: spec (Specification Writer)
[2026-03-01T11:34:00Z] [STEP 1/9] [INPUT] Reading: context.md, codebase scan
[2026-03-01T11:35:00Z] [CRITIC] Step 1: PASS (avg: 9.0). All structural sections present, requirements are testable and precise with unique IDs, acceptance criteria map to FRs.
[2026-03-01T11:35:00Z] [STEP 1/9] [DONE] Artifact: 01-spec.md
[2026-03-01T11:35:30Z] [STEP 2/9] [START] Agent: analysis (Requirements Analyst)
[2026-03-01T11:35:30Z] [STEP 2/9] [INPUT] Reading: context.md, 01-spec.md
[2026-03-01T11:36:00Z] [CRITIC] Step 2: PASS (avg: 9.0). All sections present, risks are specific with mitigations, dependency map identifies critical path, recommendations are prioritized.
[2026-03-01T11:36:00Z] [STEP 2/9] [DONE] Artifact: 02-analysis.md
[2026-03-01T11:37:00Z] [STEP 3/9] [START] Agent: architecture (Architecture Designer)
[2026-03-01T11:37:00Z] [STEP 3/9] [INPUT] Reading: context.md, 01-spec.md (FULL), 02-analysis.md (FULL)
[2026-03-01T11:38:00Z] [CRITIC] Step 3: PASS (avg: 9.0). All sections present, FRs mapped to components, risks mitigated in design, concrete interface contracts provided.
[2026-03-01T11:38:00Z] [STEP 3/9] [DONE] Artifact: 03-architecture.md
[2026-03-01T11:38:00Z] [GATE] Step 3 awaiting human approval. Review artifact and re-invoke to continue.
[2026-03-01T11:40:09Z] [RESUME] Resuming from step 4/9 (impl-plan). Step 3 (architecture) approved by human.
[2026-03-01T11:40:09Z] [STEP 4/9] [START] Agent: impl-plan (Implementation Planner)
[2026-03-01T11:40:09Z] [STEP 4/9] [INPUT] Reading: context.md, 01-spec.md (SUMMARY), 02-analysis.md (SUMMARY), 03-architecture.md (FULL)
[2026-03-01T11:41:00Z] [CRITIC] Step 4: PASS (avg: 9.0). All components mapped to steps, TDD ordering respected, concrete file/function references, 3 integration checkpoints.
[2026-03-01T11:41:00Z] [STEP 4/9] [DONE] Artifact: 04-implementation-plan.md
[2026-03-01T11:41:00Z] [GATE] Step 4 awaiting human approval. Review artifact and re-invoke to continue.
[2026-03-01T11:43:34Z] [RESUME] Resuming from step 5/9 (test-spec). Step 4 (impl-plan) approved by human.
[2026-03-01T11:43:34Z] [STEP 5/9] [START] Agent: test-spec (Test Specification Writer)
[2026-03-01T11:43:34Z] [STEP 5/9] [INPUT] Reading: context.md, 01-spec.md (FULL), 04-implementation-plan.md (FULL), 03-architecture.md (SUMMARY)
[2026-03-01T11:44:00Z] [CRITIC] Step 5: PASS (avg: 8.8). All requirements mapped, 28 test cases with specific inputs/outputs, edge cases covered.
[2026-03-01T11:44:00Z] [STEP 5/9] [DONE] Artifact: 05-test-spec.md
[2026-03-01T11:44:00Z] [STEP 6/9] [START] Agent: tests (Test Code Writer)
[2026-03-01T11:44:00Z] [STEP 6/9] [INPUT] Reading: 05-test-spec.md (FULL), 04-implementation-plan.md (FULL), 03-architecture.md (SUMMARY)
[2026-03-01T11:45:00Z] [CRITIC] Step 6: PASS (avg: 8.8). All test cases implemented, traceability comments, independent tests, proper fixtures.
[2026-03-01T11:45:00Z] [STEP 6/9] [DONE] Artifact: tests/test_p1_fixes.py
[2026-03-01T11:45:00Z] [STEP 7/9] [START] Agent: code (Code Generator)
[2026-03-01T11:45:00Z] [STEP 7/9] [INPUT] Reading: tests/test_p1_fixes.py (FULL), 04-implementation-plan.md (FULL), 03-architecture.md (FULL)
[2026-03-01T11:48:00Z] [CRITIC] Step 7: PASS (avg: 9.0). All tests pass (94/94). Code implements all FRs. Backward compatible.
[2026-03-01T11:48:00Z] [STEP 7/9] [DONE] Artifact: code changes across bls.py, vetting.py, config.py, pipeline.py, plotting.py, cli.py, 3 preset TOMLs
[2026-03-01T11:48:00Z] [STEP 8/9] [START] Agent: review (Code Reviewer)
[2026-03-01T11:48:00Z] [STEP 8/9] [INPUT] Reading: all source files, tests/test_p1_fixes.py, 01-spec.md
[2026-03-01T11:49:00Z] [CRITIC] Step 8: PASS (avg: 8.6). Thorough review, 0 critical issues, 2 minor, 1 suggestion. Verdict: PASS WITH ISSUES.
[2026-03-01T11:49:00Z] [STEP 8/9] [DONE] Artifact: 08-review.md
[2026-03-01T11:49:00Z] [STEP 9/9] [START] Agent: summary (Summarizer)
[2026-03-01T11:49:00Z] [STEP 9/9] [INPUT] Reading: all prior artifacts
[2026-03-01T11:50:00Z] [CRITIC] Step 9: PASS (avg: 9.0). All artifacts referenced, accurate scores, actionable next steps.
[2026-03-01T11:50:00Z] [STEP 9/9] [DONE] Artifact: 09-summary.md
[2026-03-01T11:50:00Z] [COMPLETE] All 9 steps completed successfully.
