[2026-03-01T15:23:04Z] [INIT] Project "BLS Pipeline P2 Improvements (R16-R20)" created. Context loaded from context.md.
[2026-03-01T15:23:04Z] [PLAN] Classified as: feature. Rationale: Adding five P2 improvements to an existing exoplanet transit-search pipeline.
[2026-03-01T15:23:04Z] [PLAN] Chain: spec → analysis → architecture → impl-plan → test-spec → tests → code → review → summary (9 steps)
[2026-03-01T15:23:04Z] [PLAN] Human gates: impl-plan (step 4)
[2026-03-01T15:24:00Z] [STEP 1/9] [START] Agent: spec (Specification Writer)
[2026-03-01T15:24:00Z] [STEP 1/9] [INPUT] Reading: context.md
[2026-03-01T15:25:00Z] [CRITIC] Step 1: PASS (avg: 9.0). All structural elements present. Requirements are testable and precise.
[2026-03-01T15:25:00Z] [STEP 1/9] [DONE] Artifact: 01-spec.md
[2026-03-01T15:26:00Z] [STEP 2/9] [START] Agent: analysis (Requirements Analyst)
[2026-03-01T15:26:00Z] [STEP 2/9] [INPUT] Reading: context.md, 01-spec.md
[2026-03-01T15:27:00Z] [CRITIC] Step 2: PASS (avg: 9.0). Thorough analysis with specific risks and traceable recommendations.
[2026-03-01T15:27:00Z] [STEP 2/9] [DONE] Artifact: 02-analysis.md
[2026-03-01T15:28:00Z] [STEP 3/9] [START] Agent: architecture (Architecture Designer)
[2026-03-01T15:28:00Z] [STEP 3/9] [INPUT] Reading: context.md, 01-spec.md, 02-analysis.md
[2026-03-01T15:29:00Z] [CRITIC] Step 3: PASS (avg: 9.0). Complete architecture with clear component design and risk mitigations.
[2026-03-01T15:29:00Z] [STEP 3/9] [DONE] Artifact: 03-architecture.md
[2026-03-01T15:30:00Z] [STEP 4/9] [START] Agent: impl-plan (Implementation Planner)
[2026-03-01T15:30:00Z] [STEP 4/9] [INPUT] Reading: context.md, 01-spec.md (summary), 02-analysis.md (summary), 03-architecture.md (full)
[2026-03-01T15:32:00Z] [CRITIC] Step 4: PASS (avg: 9.0). Complete implementation plan with concrete steps, dependency graph, and risk mitigations.
[2026-03-01T15:32:00Z] [STEP 4/9] [DONE] Artifact: 04-implementation-plan.md
[2026-03-01T15:32:00Z] [GATE] Step 4 awaiting human approval. Review artifact and re-invoke to continue.
[2026-03-01T15:32:00Z] [RESUME] Step 4 (impl-plan) approved by human. Resuming from step 5/9 (test-spec).
[2026-03-01T15:33:00Z] [STEP 5/9] [START] Agent: test-spec (Test Specification Writer)
[2026-03-01T15:33:00Z] [STEP 5/9] [INPUT] Reading: context.md, 01-spec.md, 04-implementation-plan.md
[2026-03-01T15:34:00Z] [CRITIC] Step 5: PASS (avg: 8.6). All requirements covered. Concrete inputs/outputs for all test cases.
[2026-03-01T15:34:00Z] [STEP 5/9] [DONE] Artifact: 05-test-spec.md
[2026-03-01T15:35:00Z] [STEP 6/9] [START] Agent: tests (Test Code Writer)
[2026-03-01T15:35:00Z] [STEP 6/9] [INPUT] Reading: 05-test-spec.md, 04-implementation-plan.md
[2026-03-01T15:36:00Z] [CRITIC] Step 6: PASS (avg: 8.8). All test cases from spec implemented with concrete assertions.
[2026-03-01T15:36:00Z] [STEP 6/9] [DONE] Artifact: tests/test_p2_fixes.py
[2026-03-01T15:37:00Z] [STEP 7/9] [START] Agent: code (Code Generator)
[2026-03-01T15:37:00Z] [STEP 7/9] [INPUT] Reading: 04-implementation-plan.md, 05-test-spec.md, tests/test_p2_fixes.py
[2026-03-01T15:40:00Z] [CRITIC] Step 7: PASS (avg: 9.0). All production code implemented. 120/120 tests pass.
[2026-03-01T15:40:00Z] [STEP 7/9] [DONE] Artifact: src/exohunt/{config.py,bls.py,parameters.py,plotting.py,pipeline.py,cli.py,presets/*.toml}
[2026-03-01T15:41:00Z] [STEP 8/9] [START] Agent: review (Code Reviewer)
[2026-03-01T15:41:00Z] [STEP 8/9] [INPUT] Reading: 01-spec.md, 04-implementation-plan.md, source code changes
[2026-03-01T15:42:00Z] [CRITIC] Step 8: PASS (avg: 9.0). Thorough review with requirement traceability.
[2026-03-01T15:42:00Z] [STEP 8/9] [DONE] Artifact: 08-review.md
[2026-03-01T15:43:00Z] [STEP 9/9] [START] Agent: summary (Summarizer)
[2026-03-01T15:43:00Z] [STEP 9/9] [INPUT] Reading: all prior artifacts
[2026-03-01T15:44:00Z] [CRITIC] Step 9: PASS (avg: 9.0). Complete summary with all artifacts listed.
[2026-03-01T15:44:00Z] [STEP 9/9] [DONE] Artifact: 09-summary.md
[2026-03-01T15:44:00Z] [COMPLETE] All 9 steps completed successfully.
