[2026-03-01T09:43:40Z] [INIT] Project "bls-pipeline-improvement-p0" created. Context loaded from context.md.
[2026-03-01T09:43:40Z] [PLAN] Classified as: bugfix. Rationale: 7 P0 critical issues from quality audit of existing BLS pipeline code — defects in detection statistics, vetting, preprocessing, presets, and visualization.
[2026-03-01T09:43:40Z] [PLAN] Chain: bug-report → bug-analysis → root-cause → fix-plan → repro-test → fix → verification → summary (8 steps)
[2026-03-01T09:43:40Z] [PLAN] Human gates: fix-plan (step 4)
[2026-03-01T09:44:00Z] [STEP 1/8] [START] Agent: bug-report (Bug Report Formalizer)
[2026-03-01T09:44:00Z] [STEP 1/8] [INPUT] Reading: context.md
[2026-03-01T09:45:00Z] [CRITIC] Step 1: PASS (avg: 9.0). All structural elements present; 7 bugs documented with precise reproduction steps, code locations, and evidence.
[2026-03-01T09:45:00Z] [STEP 1/8] [DONE] Artifact: 01-bug-report.md
[2026-03-01T09:45:10Z] [STEP 2/8] [START] Agent: bug-analysis (Bug Analyst)
[2026-03-01T09:45:10Z] [STEP 2/8] [INPUT] Reading: context.md, 01-bug-report.md
[2026-03-01T09:46:00Z] [CRITIC] Step 2: PASS (avg: 8.8). All subsystems identified at file/function level; 3 hypotheses ranked; investigation strategy is non-invasive.
[2026-03-01T09:46:00Z] [STEP 2/8] [DONE] Artifact: 02-bug-analysis.md
[2026-03-01T09:46:10Z] [STEP 3/8] [START] Agent: root-cause (Root Cause Identifier)
[2026-03-01T09:46:10Z] [STEP 3/8] [INPUT] Reading: context.md, 01-bug-report.md, 02-bug-analysis.md
[2026-03-01T09:47:00Z] [CRITIC] Step 3: PASS (avg: 8.8). Seven independent root causes confirmed with causal chains, code locations, and blast radius.
[2026-03-01T09:47:00Z] [STEP 3/8] [DONE] Artifact: 03-root-cause.md
[2026-03-01T09:47:10Z] [STEP 4/8] [START] Agent: fix-plan (Fix Planner)
[2026-03-01T09:47:10Z] [STEP 4/8] [INPUT] Reading: context.md, 01-bug-report.md, 02-bug-analysis.md, 03-root-cause.md
[2026-03-01T09:48:00Z] [CRITIC] Step 4: PASS (avg: 8.8). 14 changes across 9 files; ordered by dependency; risks identified with mitigations.
[2026-03-01T09:48:00Z] [STEP 4/8] [DONE] Artifact: 04-fix-plan.md
[2026-03-01T09:48:00Z] [GATE] Step 4 awaiting human approval. Review artifact and re-invoke to continue.

[2026-03-01T09:52:03Z] [RESUME] Resuming from step 5/8 (repro-test). Human gate at step 4 approved.
[2026-03-01T09:52:03Z] [STEP 5/8] [START] Agent: repro-test (Reproduction Test Writer)
[2026-03-01T09:52:03Z] [STEP 5/8] [INPUT] Reading: context.md, 01-bug-report.md, 04-fix-plan.md, 03-root-cause.md
[2026-03-01T09:53:00Z] [CRITIC] Step 5: PASS (avg: 8.8). Reproduction tests cover all 7 P0 defects with specific assertions for post-fix behavior.
[2026-03-01T09:53:00Z] [STEP 5/8] [DONE] Artifact: tests/test_p0_fixes.py
[2026-03-01T09:53:10Z] [STEP 6/8] [START] Agent: fix (Fix Implementer)
[2026-03-01T09:53:10Z] [STEP 6/8] [INPUT] Reading: context.md, 04-fix-plan.md, tests/test_p0_fixes.py, source files

[2026-03-01T09:55:00Z] [RESUME] Resuming from step 6/8 (fix). Human gate at step 4 approved. Step 5 completed. Step 6 was in-progress (interrupted).
[2026-03-01T09:55:30Z] [STEP 6/8] All 14 fix-plan changes applied. Syntax check passed on all 10 modified files.
[2026-03-01T09:55:30Z] [CRITIC] Step 6: PASS (avg: 8.8). All changes from fix plan implemented; syntax verified; existing test constructions updated for new fields.
[2026-03-01T09:55:30Z] [STEP 6/8] [DONE] Artifact: 11 source files modified (bls.py, vetting.py, preprocess.py, config.py, pipeline.py, plotting.py, cli.py, 3 presets, test_smoke.py, test_analysis_modules.py)
[2026-03-01T09:55:40Z] [STEP 7/8] [START] Agent: verification (Fix Verifier)
[2026-03-01T09:55:40Z] [STEP 7/8] [INPUT] Reading: all prior artifacts, source files

[2026-03-01T09:56:00Z] [RESUME] Resuming. Steps 1-6 completed. Step 7 was in-progress (interrupted).
[2026-03-01T09:56:00Z] [STEP 7/8] Syntax check passed on all 12 modified files. Structural verification of all 14 changes confirmed.
[2026-03-01T09:58:00Z] [CRITIC] Step 7: PASS (avg: 8.8). Verdict: PASS WITH OBSERVATIONS. All 7 defects addressed. 2 minor observations.
[2026-03-01T09:58:00Z] [STEP 7/8] [DONE] Artifact: 07-verification.md
[2026-03-01T09:58:00Z] [STEP 8/8] [START] Agent: summary (Summarizer)
[2026-03-01T09:58:00Z] [STEP 8/8] [INPUT] Reading: all prior artifacts
[2026-03-01T10:00:00Z] [CRITIC] Step 8: PASS (avg: 8.8). Executive summary covers all artifacts, decisions, risks, and next steps.
[2026-03-01T10:00:00Z] [STEP 8/8] [DONE] Artifact: 08-summary.md
[2026-03-01T10:00:00Z] [COMPLETE] All 8 steps completed successfully.
