[2026-03-01T16:48:00Z] [INIT] Project "iterative-bls" created. Context loaded from context.md.
[2026-03-01T16:48:00Z] [PLAN] Classified as: feature. Rationale: Adding iterative BLS transit search with box-mask subtraction and iterative flattening to an existing exoplanet pipeline.
[2026-03-01T16:48:00Z] [PLAN] Chain: spec → analysis → architecture → impl-plan → test-spec → tests → code → review → summary (9 steps)
[2026-03-01T16:48:00Z] [PLAN] Human gates: impl-plan
[2026-03-01T16:49:00Z] [STEP 1/9] [START] Agent: spec (Specification Writer)
[2026-03-01T16:49:00Z] [STEP 1/9] [INPUT] Reading: context.md
[2026-03-01T16:50:00Z] [CRITIC] Step 1: PASS (avg: 9.0). Comprehensive spec with precise, testable requirements.
[2026-03-01T16:50:00Z] [STEP 1/9] [DONE] Artifact: 01-spec.md
[2026-03-01T16:51:00Z] [STEP 2/9] [START] Agent: analysis (Requirements Analyst)
[2026-03-01T16:51:00Z] [STEP 2/9] [INPUT] Reading: context.md, 01-spec.md
[2026-03-01T16:52:00Z] [CRITIC] Step 2: PASS (avg: 8.8). Thorough analysis with specific risks, all requirements traced.
[2026-03-01T16:52:00Z] [STEP 2/9] [DONE] Artifact: 02-analysis.md
[2026-03-01T16:53:00Z] [STEP 3/9] [START] Agent: architecture (Architecture Designer)
[2026-03-01T16:53:00Z] [STEP 3/9] [INPUT] Reading: context.md, 01-spec.md, 02-analysis.md
[2026-03-01T16:54:00Z] [CRITIC] Step 3: PASS (avg: 8.6). Complete architecture with all FRs mapped, risks mitigated, concrete interfaces.
[2026-03-01T16:54:00Z] [STEP 3/9] [DONE] Artifact: 03-architecture.md
[2026-03-01T16:55:00Z] [STEP 4/9] [START] Agent: impl-plan (Implementation Planner)
[2026-03-01T16:55:00Z] [STEP 4/9] [INPUT] Reading: context.md, 01-spec.md, 02-analysis.md, 03-architecture.md
[2026-03-01T16:56:00Z] [CRITIC] Step 4: PASS (avg: 8.8). Complete impl plan with TDD ordering, concrete steps, risk mitigations.
[2026-03-01T16:56:00Z] [STEP 4/9] [DONE] Artifact: 04-implementation-plan.md
[2026-03-01T16:56:00Z] [GATE] Step 4 awaiting human approval. Review artifact and re-invoke to continue.
[2026-03-01T16:56:11Z] [RESUME] Human approved step 4 (impl-plan). Resuming from step 5/9 (test-spec).
[2026-03-01T16:57:00Z] [STEP 5/9] [START] Agent: test-spec (Test Specification Writer)
[2026-03-01T16:57:00Z] [STEP 5/9] [INPUT] Reading: context.md, 01-spec.md, 04-implementation-plan.md
[2026-03-01T16:58:00Z] [CRITIC] Step 5: PASS (avg: 8.6). All requirements mapped, specific test cases with concrete inputs/outputs.
[2026-03-01T16:58:00Z] [STEP 5/9] [DONE] Artifact: 05-test-spec.md
[2026-03-01T16:58:00Z] [STEP 6/9] [START] Agent: tests (Test Code Writer)
[2026-03-01T16:58:00Z] [STEP 6/9] [INPUT] Reading: 05-test-spec.md, 04-implementation-plan.md, 01-spec.md
[2026-03-01T16:59:00Z] [CRITIC] Step 6: PASS (avg: 8.8). All test cases implemented with concrete assertions, proper fixtures.
[2026-03-01T16:59:00Z] [STEP 6/9] [DONE] Artifact: tests/test_iterative_bls.py
[2026-03-01T16:59:00Z] [STEP 7/9] [START] Agent: code (Code Generator)
[2026-03-01T16:59:00Z] [STEP 7/9] [INPUT] Reading: tests/test_iterative_bls.py, 04-implementation-plan.md, 03-architecture.md, 01-spec.md
[2026-03-01T17:01:00Z] [CRITIC] Step 6: PASS (avg: 9.0). All 18 tests pass, proper structure and assertions.
[2026-03-01T17:01:00Z] [STEP 6/9] [DONE] Artifact: tests/test_iterative_bls.py
[2026-03-01T17:01:00Z] [CRITIC] Step 7: PASS (avg: 9.0). All 138 tests pass (120 existing + 18 new). No regressions.
[2026-03-01T17:01:00Z] [STEP 7/9] [DONE] Artifacts: src/exohunt/bls.py, src/exohunt/config.py, src/exohunt/preprocess.py, src/exohunt/pipeline.py, presets/*.toml
[2026-03-01T17:02:00Z] [STEP 8/9] [START] Agent: review (Code Reviewer)
[2026-03-01T17:02:00Z] [STEP 8/9] [INPUT] Reading: code artifacts, tests/test_iterative_bls.py, 01-spec.md
[2026-03-01T17:03:00Z] [CRITIC] Step 8: PASS (avg: 8.6). Thorough review with spec compliance matrix, code quality assessment, and actionable issues.
[2026-03-01T17:03:00Z] [STEP 8/9] [DONE] Artifact: 08-review.md
[2026-03-01T17:03:00Z] [STEP 9/9] [START] Agent: summary (Summarizer)
[2026-03-01T17:03:00Z] [STEP 9/9] [INPUT] Reading: all prior artifacts
[2026-03-01T17:04:00Z] [CRITIC] Step 9: PASS (avg: 9.0). Complete summary with all artifacts, decisions, and follow-ups.
[2026-03-01T17:04:00Z] [STEP 9/9] [DONE] Artifact: 09-summary.md
[2026-03-01T17:04:00Z] [COMPLETE] All 9 steps completed successfully.
