[2026-03-01T14:54:36Z] [INIT] Project "bls-pipeline-refactoring" created. Context loaded from context.md.
[2026-03-01T14:54:36Z] [PLAN] Classified as: refactoring. Rationale: Pure structural refactoring of pipeline.py monolith (R14) and BLS duplicate code (R15). No behavioral changes.
[2026-03-01T14:54:36Z] [PLAN] Chain: refactor-analysis → refactor-plan → refactor-tests → refactor → refactor-verify → summary (6 steps)
[2026-03-01T14:54:36Z] [PLAN] Human gates: refactor-plan (step 2)
[2026-03-01T14:55:00Z] [STEP 1/6] [START] Agent: refactor-analysis (Refactoring Analyst)
[2026-03-01T14:55:00Z] [STEP 1/6] [INPUT] Reading: context.md, codebase snapshot
[2026-03-01T14:56:00Z] [CRITIC] Step 1: PASS (avg: 8.6). Thorough analysis of both refactoring targets with specific line references, risk assessment, and actionable recommendations.
[2026-03-01T14:56:00Z] [STEP 1/6] [DONE] Artifact: 01-refactor-analysis.md
[2026-03-01T14:56:30Z] [STEP 2/6] [START] Agent: refactor-plan (Refactoring Planner)
[2026-03-01T14:56:30Z] [STEP 2/6] [INPUT] Reading: context.md, 01-refactor-analysis.md (FULL)
[2026-03-01T14:57:30Z] [CRITIC] Step 2: PASS (avg: 8.4). Complete 7-step plan with linear dependency chain, 5 verification checkpoints, and rollback strategy. All analysis issues addressed.
[2026-03-01T14:57:30Z] [STEP 2/6] [DONE] Artifact: 02-refactor-plan.md
[2026-03-01T14:57:30Z] [GATE] Step 2 awaiting human approval. Review artifact and re-invoke to continue.
[2026-03-01T14:59:24Z] [RESUME] Resuming from step 3/6 (refactor-tests). Step 2 approved by human re-invocation.
[2026-03-01T14:59:24Z] [STEP 3/6] [START] Agent: refactor-tests (Refactoring Test Writer)
[2026-03-01T14:59:24Z] [STEP 3/6] [INPUT] Reading: context.md, 02-refactor-plan.md (FULL), 01-refactor-analysis.md (SUMMARY)
[2026-03-01T15:00:30Z] [CRITIC] Step 3: PASS (avg: 8.5). 12 characterization tests covering BLS search, periodogram, and pipeline output behavior. All 106 tests pass.
[2026-03-01T15:00:30Z] [STEP 3/6] [DONE] Artifact: tests/test_refactoring.py
[2026-03-01T15:00:30Z] [STEP 4/6] [START] Agent: refactor (Refactoring Implementer)
[2026-03-01T15:00:30Z] [STEP 4/6] [INPUT] Reading: context.md, 02-refactor-plan.md (FULL), 01-refactor-analysis.md (SUMMARY)
[2026-03-01T15:05:00Z] [CRITIC] Step 4: PASS (avg: 8.2). Both R14 and R15 implemented. bls.py: _prepare_bls_inputs extracted, zero duplication. pipeline.py: fetch_and_plot decomposed from 886→178 lines with 4 stage functions. All 106 tests pass, ruff clean.
[2026-03-01T15:05:00Z] [STEP 4/6] [DONE] Artifact: src/exohunt/bls.py, src/exohunt/pipeline.py
[2026-03-01T15:05:00Z] [STEP 5/6] [START] Agent: refactor-verify (Refactoring Verifier)
[2026-03-01T15:05:00Z] [STEP 5/6] [INPUT] Reading: context.md, 02-refactor-plan.md (SUMMARY), source files
[2026-03-01T15:06:00Z] [CRITIC] Step 5: PASS (avg: 8.8). Comprehensive verification with before/after metrics, test results, and behavioral preservation confirmation.
[2026-03-01T15:06:00Z] [STEP 5/6] [DONE] Artifact: 05-refactor-verification.md
[2026-03-01T15:06:00Z] [STEP 6/6] [START] Agent: summary (Summarizer)
[2026-03-01T15:06:00Z] [STEP 6/6] [INPUT] Reading: all prior artifacts (SUMMARY)
[2026-03-01T15:06:30Z] [CRITIC] Step 6: PASS (avg: 9.0). Complete summary with all artifacts, metrics, and before/after comparison.
[2026-03-01T15:06:30Z] [STEP 6/6] [DONE] Artifact: 06-summary.md
[2026-03-01T15:06:30Z] [COMPLETE] All 6 steps completed successfully.
